# JRE version: 7.0_04-b22
# Java VM: Java HotSpot(TM) 64-Bit Server VM (23.0-b21 mixed mode windows-amd64 compressed oops)
Heap
 PSYoungGen      total 27776K, used 16117K [0x00000000e10b0000, 0x00000000e42e0000, 0x0000000000000000)
  eden space 23872K, 67% used [0x00000000e10b0000,0x00000000e2065540,0x00000000e2800000)
  from space 3904K, 0% used [0x00000000e2800000,0x00000000e2808000,0x00000000e2bd0000)
  to   space 3904K, 0% used [0x00000000e3f10000,0x00000000e3f10000,0x00000000e42e0000)
 ParOldGen       total 158656K, used 104584K [0x00000000a3200000, 0x00000000accf0000, 0x00000000e10b0000)
  object space 158656K, 65% used [0x00000000a3200000,0x00000000a9822390,0x00000000accf0000)
 PSPermGen       total 21248K, used 9964K [0x000000009e000000, 0x000000009f4c0000, 0x00000000a3200000)
  object space 21248K, 46% used [0x000000009e000000,0x000000009e9bb278,0x000000009f4c0000)
GC Heap History (5 events):
Event: 1.218 GC heap before
{Heap before GC invocations=1 (full 0):
 PSYoungGen      total 27776K, used 23872K [0x00000000e10b0000, 0x00000000e2fa0000, 0x0000000000000000)
  eden space 23872K, 100% used [0x00000000e10b0000,0x00000000e2800000,0x00000000e2800000)
  from space 3904K, 0% used [0x00000000e2bd0000,0x00000000e2bd0000,0x00000000e2fa0000)
  to   space 3904K, 0% used [0x00000000e2800000,0x00000000e2800000,0x00000000e2bd0000)
 ParOldGen       total 105472K, used 100696K [0x00000000a3200000, 0x00000000a9900000, 0x00000000e10b0000)
  object space 105472K, 95% used [0x00000000a3200000,0x00000000a9456220,0x00000000a9900000)
 PSPermGen       total 21248K, used 9968K [0x000000009e000000, 0x000000009f4c0000, 0x00000000a3200000)
  object space 21248K, 46% used [0x000000009e000000,0x000000009e9bc028,0x000000009f4c0000)
Event: 1.226 GC heap after
Heap after GC invocations=1 (full 0):
 PSYoungGen      total 27776K, used 3890K [0x00000000e10b0000, 0x00000000e2fa0000, 0x0000000000000000)
  eden space 23872K, 0% used [0x00000000e10b0000,0x00000000e10b0000,0x00000000e2800000)
  from space 3904K, 99% used [0x00000000e2800000,0x00000000e2bccab0,0x00000000e2bd0000)
  to   space 3904K, 0% used [0x00000000e2bd0000,0x00000000e2bd0000,0x00000000e2fa0000)
 ParOldGen       total 105472K, used 104582K [0x00000000a3200000, 0x00000000a9900000, 0x00000000e10b0000)
  object space 105472K, 99% used [0x00000000a3200000,0x00000000a9821900,0x00000000a9900000)
 PSPermGen       total 21248K, used 9968K [0x000000009e000000, 0x000000009f4c0000, 0x00000000a3200000)
  object space 21248K, 46% used [0x000000009e000000,0x000000009e9bc028,0x000000009f4c0000)
}
Event: 1.226 GC heap before
{Heap before GC invocations=2 (full 1):
 PSYoungGen      total 27776K, used 3890K [0x00000000e10b0000, 0x00000000e2fa0000, 0x0000000000000000)
  eden space 23872K, 0% used [0x00000000e10b0000,0x00000000e10b0000,0x00000000e2800000)
  from space 3904K, 99% used [0x00000000e2800000,0x00000000e2bccab0,0x00000000e2bd0000)
  to   space 3904K, 0% used [0x00000000e2bd0000,0x00000000e2bd0000,0x00000000e2fa0000)
 ParOldGen       total 105472K, used 104582K [0x00000000a3200000, 0x00000000a9900000, 0x00000000e10b0000)
  object space 105472K, 99% used [0x00000000a3200000,0x00000000a9821900,0x00000000a9900000)
 PSPermGen       total 21248K, used 9968K [0x000000009e000000, 0x000000009f4c0000, 0x00000000a3200000)
  object space 21248K, 46% used [0x000000009e000000,0x000000009e9bc028,0x000000009f4c0000)
Event: 1.251 GC heap after
Heap after GC invocations=2 (full 1):
 PSYoungGen      total 27776K, used 0K [0x00000000e10b0000, 0x00000000e2fa0000, 0x0000000000000000)
  eden space 23872K, 0% used [0x00000000e10b0000,0x00000000e10b0000,0x00000000e2800000)
  from space 3904K, 0% used [0x00000000e2800000,0x00000000e2800000,0x00000000e2bd0000)
  to   space 3904K, 0% used [0x00000000e2bd0000,0x00000000e2bd0000,0x00000000e2fa0000)
 ParOldGen       total 158656K, used 104584K [0x00000000a3200000, 0x00000000accf0000, 0x00000000e10b0000)
  object space 158656K, 65% used [0x00000000a3200000,0x00000000a9822390,0x00000000accf0000)
 PSPermGen       total 21248K, used 9964K [0x000000009e000000, 0x000000009f4c0000, 0x00000000a3200000)
  object space 21248K, 46% used [0x000000009e000000,0x000000009e9bb258,0x000000009f4c0000)
}
Event: 1.287 GC heap before
{Heap before GC invocations=3 (full 1):
 PSYoungGen      total 27776K, used 23872K [0x00000000e10b0000, 0x00000000e2fa0000, 0x0000000000000000)
  eden space 23872K, 100% used [0x00000000e10b0000,0x00000000e2800000,0x00000000e2800000)
  from space 3904K, 0% used [0x00000000e2800000,0x00000000e2800000,0x00000000e2bd0000)
  to   space 3904K, 0% used [0x00000000e2bd0000,0x00000000e2bd0000,0x00000000e2fa0000)
 ParOldGen       total 158656K, used 104584K [0x00000000a3200000, 0x00000000accf0000, 0x00000000e10b0000)
  object space 158656K, 65% used [0x00000000a3200000,0x00000000a9822390,0x00000000accf0000)
 PSPermGen       total 21248K, used 9964K [0x000000009e000000, 0x000000009f4c0000, 0x00000000a3200000)
  object space 21248K, 46% used [0x000000009e000000,0x000000009e9bb278,0x000000009f4c0000)

