# JRE version: 7.0_04-b22
# Java VM: Java HotSpot(TM) 64-Bit Server VM (23.0-b21 mixed mode windows-amd64 compressed oops)
Heap
 PSYoungGen      total 27776K, used 23872K [0x00000000e10b0000, 0x00000000e46f0000, 0x0000000000000000)
  eden space 23872K, 100% used [0x00000000e10b0000,0x00000000e2800000,0x00000000e2800000)
  from space 3904K, 0% used [0x00000000e2800000,0x00000000e2800000,0x00000000e2bd0000)
  to   space 3904K, 1% used [0x00000000e4320000,0x00000000e4330000,0x00000000e46f0000)
 ParOldGen       total 157696K, used 104653K [0x00000000a3200000, 0x00000000acc00000, 0x00000000e10b0000)
  object space 157696K, 66% used [0x00000000a3200000,0x00000000a9833748,0x00000000acc00000)
 PSPermGen       total 21248K, used 10010K [0x000000009e000000, 0x000000009f4c0000, 0x00000000a3200000)
  object space 21248K, 47% used [0x000000009e000000,0x000000009e9c6ad0,0x000000009f4c0000)
GC Heap History (4 events):
Event: 1.049 GC heap before
{Heap before GC invocations=1 (full 0):
 PSYoungGen      total 27776K, used 23872K [0x00000000e10b0000, 0x00000000e2fa0000, 0x0000000000000000)
  eden space 23872K, 100% used [0x00000000e10b0000,0x00000000e2800000,0x00000000e2800000)
  from space 3904K, 0% used [0x00000000e2bd0000,0x00000000e2bd0000,0x00000000e2fa0000)
  to   space 3904K, 0% used [0x00000000e2800000,0x00000000e2800000,0x00000000e2bd0000)
 ParOldGen       total 105472K, used 100696K [0x00000000a3200000, 0x00000000a9900000, 0x00000000e10b0000)
  object space 105472K, 95% used [0x00000000a3200000,0x00000000a9456220,0x00000000a9900000)
 PSPermGen       total 21248K, used 9933K [0x000000009e000000, 0x000000009f4c0000, 0x00000000a3200000)
  object space 21248K, 46% used [0x000000009e000000,0x000000009e9b3780,0x000000009f4c0000)
Event: 1.060 GC heap after
Heap after GC invocations=1 (full 0):
 PSYoungGen      total 27776K, used 3900K [0x00000000e10b0000, 0x00000000e46f0000, 0x0000000000000000)
  eden space 23872K, 0% used [0x00000000e10b0000,0x00000000e10b0000,0x00000000e2800000)
  from space 3904K, 99% used [0x00000000e2800000,0x00000000e2bcf050,0x00000000e2bd0000)
  to   space 3904K, 0% used [0x00000000e4320000,0x00000000e4320000,0x00000000e46f0000)
 ParOldGen       total 105472K, used 104793K [0x00000000a3200000, 0x00000000a9900000, 0x00000000e10b0000)
  object space 105472K, 99% used [0x00000000a3200000,0x00000000a9856440,0x00000000a9900000)
 PSPermGen       total 21248K, used 9933K [0x000000009e000000, 0x000000009f4c0000, 0x00000000a3200000)
  object space 21248K, 46% used [0x000000009e000000,0x000000009e9b3780,0x000000009f4c0000)
}
Event: 1.060 GC heap before
{Heap before GC invocations=2 (full 1):
 PSYoungGen      total 27776K, used 3900K [0x00000000e10b0000, 0x00000000e46f0000, 0x0000000000000000)
  eden space 23872K, 0% used [0x00000000e10b0000,0x00000000e10b0000,0x00000000e2800000)
  from space 3904K, 99% used [0x00000000e2800000,0x00000000e2bcf050,0x00000000e2bd0000)
  to   space 3904K, 0% used [0x00000000e4320000,0x00000000e4320000,0x00000000e46f0000)
 ParOldGen       total 105472K, used 104793K [0x00000000a3200000, 0x00000000a9900000, 0x00000000e10b0000)
  object space 105472K, 99% used [0x00000000a3200000,0x00000000a9856440,0x00000000a9900000)
 PSPermGen       total 21248K, used 9933K [0x000000009e000000, 0x000000009f4c0000, 0x00000000a3200000)
  object space 21248K, 46% used [0x000000009e000000,0x000000009e9b3780,0x000000009f4c0000)
Event: 1.089 GC heap after
Heap after GC invocations=2 (full 1):
 PSYoungGen      total 27776K, used 0K [0x00000000e10b0000, 0x00000000e46f0000, 0x0000000000000000)
  eden space 23872K, 0% used [0x00000000e10b0000,0x00000000e10b0000,0x00000000e2800000)
  from space 3904K, 0% used [0x00000000e2800000,0x00000000e2800000,0x00000000e2bd0000)
  to   space 3904K, 0% used [0x00000000e4320000,0x00000000e4320000,0x00000000e46f0000)
 ParOldGen       total 157696K, used 104653K [0x00000000a3200000, 0x00000000acc00000, 0x00000000e10b0000)
  object space 157696K, 66% used [0x00000000a3200000,0x00000000a9833748,0x00000000acc00000)
 PSPermGen       total 21248K, used 9930K [0x000000009e000000, 0x000000009f4c0000, 0x00000000a3200000)
  object space 21248K, 46% used [0x000000009e000000,0x000000009e9b29b0,0x000000009f4c0000)
}

