# JRE version: 7.0_04-b22
# Java VM: Java HotSpot(TM) 64-Bit Server VM (23.0-b21 mixed mode windows-amd64 compressed oops)
Heap
 PSYoungGen      total 36672K, used 18627K [0x00000000e10b0000, 0x00000000e3900000, 0x0000000000000000)
  eden space 32768K, 56% used [0x00000000e10b0000,0x00000000e22d8c20,0x00000000e30b0000)
  from space 3904K, 0% used [0x00000000e3480000,0x00000000e3488000,0x00000000e3850000)
  to   space 3904K, 0% used [0x00000000e30b0000,0x00000000e30b0000,0x00000000e3480000)
 ParOldGen       total 161856K, used 105825K [0x00000000a3200000, 0x00000000ad010000, 0x00000000e10b0000)
  object space 161856K, 65% used [0x00000000a3200000,0x00000000a9958748,0x00000000ad010000)
 PSPermGen       total 21248K, used 10329K [0x000000009e000000, 0x000000009f4c0000, 0x00000000a3200000)
  object space 21248K, 48% used [0x000000009e000000,0x000000009ea166c0,0x000000009f4c0000)
GC Heap History (6 events):
Event: 1.088 GC heap before
{Heap before GC invocations=1 (full 0):
 PSYoungGen      total 27776K, used 23872K [0x00000000e10b0000, 0x00000000e2fa0000, 0x0000000000000000)
  eden space 23872K, 100% used [0x00000000e10b0000,0x00000000e2800000,0x00000000e2800000)
  from space 3904K, 0% used [0x00000000e2bd0000,0x00000000e2bd0000,0x00000000e2fa0000)
  to   space 3904K, 0% used [0x00000000e2800000,0x00000000e2800000,0x00000000e2bd0000)
 ParOldGen       total 105472K, used 100696K [0x00000000a3200000, 0x00000000a9900000, 0x00000000e10b0000)
  object space 105472K, 95% used [0x00000000a3200000,0x00000000a9456220,0x00000000a9900000)
 PSPermGen       total 21248K, used 10333K [0x000000009e000000, 0x000000009f4c0000, 0x00000000a3200000)
  object space 21248K, 48% used [0x000000009e000000,0x000000009ea17538,0x000000009f4c0000)
Event: 1.096 GC heap after
Heap after GC invocations=1 (full 0):
 PSYoungGen      total 27776K, used 3241K [0x00000000e10b0000, 0x00000000e2fa0000, 0x0000000000000000)
  eden space 23872K, 0% used [0x00000000e10b0000,0x00000000e10b0000,0x00000000e2800000)
  from space 3904K, 83% used [0x00000000e2800000,0x00000000e2b2a6b8,0x00000000e2bd0000)
  to   space 3904K, 0% used [0x00000000e2bd0000,0x00000000e2bd0000,0x00000000e2fa0000)
 ParOldGen       total 107520K, used 106669K [0x00000000a3200000, 0x00000000a9b00000, 0x00000000e10b0000)
  object space 107520K, 99% used [0x00000000a3200000,0x00000000a9a2b550,0x00000000a9b00000)
 PSPermGen       total 21248K, used 10333K [0x000000009e000000, 0x000000009f4c0000, 0x00000000a3200000)
  object space 21248K, 48% used [0x000000009e000000,0x000000009ea17538,0x000000009f4c0000)
}
Event: 1.096 GC heap before
{Heap before GC invocations=2 (full 1):
 PSYoungGen      total 27776K, used 3241K [0x00000000e10b0000, 0x00000000e2fa0000, 0x0000000000000000)
  eden space 23872K, 0% used [0x00000000e10b0000,0x00000000e10b0000,0x00000000e2800000)
  from space 3904K, 83% used [0x00000000e2800000,0x00000000e2b2a6b8,0x00000000e2bd0000)
  to   space 3904K, 0% used [0x00000000e2bd0000,0x00000000e2bd0000,0x00000000e2fa0000)
 ParOldGen       total 107520K, used 106669K [0x00000000a3200000, 0x00000000a9b00000, 0x00000000e10b0000)
  object space 107520K, 99% used [0x00000000a3200000,0x00000000a9a2b550,0x00000000a9b00000)
 PSPermGen       total 21248K, used 10333K [0x000000009e000000, 0x000000009f4c0000, 0x00000000a3200000)
  object space 21248K, 48% used [0x000000009e000000,0x000000009ea17538,0x000000009f4c0000)
Event: 1.123 GC heap after
Heap after GC invocations=2 (full 1):
 PSYoungGen      total 27776K, used 0K [0x00000000e10b0000, 0x00000000e2fa0000, 0x0000000000000000)
  eden space 23872K, 0% used [0x00000000e10b0000,0x00000000e10b0000,0x00000000e2800000)
  from space 3904K, 0% used [0x00000000e2800000,0x00000000e2800000,0x00000000e2bd0000)
  to   space 3904K, 0% used [0x00000000e2bd0000,0x00000000e2bd0000,0x00000000e2fa0000)
 ParOldGen       total 161856K, used 105825K [0x00000000a3200000, 0x00000000ad010000, 0x00000000e10b0000)
  object space 161856K, 65% used [0x00000000a3200000,0x00000000a9958748,0x00000000ad010000)
 PSPermGen       total 21248K, used 10329K [0x000000009e000000, 0x000000009f4c0000, 0x00000000a3200000)
  object space 21248K, 48% used [0x000000009e000000,0x000000009ea166a0,0x000000009f4c0000)
}
Event: 1.162 GC heap before
{Heap before GC invocations=3 (full 1):
 PSYoungGen      total 27776K, used 23872K [0x00000000e10b0000, 0x00000000e2fa0000, 0x0000000000000000)
  eden space 23872K, 100% used [0x00000000e10b0000,0x00000000e2800000,0x00000000e2800000)
  from space 3904K, 0% used [0x00000000e2800000,0x00000000e2800000,0x00000000e2bd0000)
  to   space 3904K, 0% used [0x00000000e2bd0000,0x00000000e2bd0000,0x00000000e2fa0000)
 ParOldGen       total 161856K, used 105825K [0x00000000a3200000, 0x00000000ad010000, 0x00000000e10b0000)
  object space 161856K, 65% used [0x00000000a3200000,0x00000000a9958748,0x00000000ad010000)
 PSPermGen       total 21248K, used 10329K [0x000000009e000000, 0x000000009f4c0000, 0x00000000a3200000)
  object space 21248K, 48% used [0x000000009e000000,0x000000009ea166c0,0x000000009f4c0000)
Event: 1.163 GC heap after
Heap after GC invocations=3 (full 1):
 PSYoungGen      total 27776K, used 32K [0x00000000e10b0000, 0x00000000e3660000, 0x0000000000000000)
  eden space 23872K, 0% used [0x00000000e10b0000,0x00000000e10b0000,0x00000000e2800000)
  from space 3904K, 0% used [0x00000000e2bd0000,0x00000000e2bd8000,0x00000000e2fa0000)
  to   space 3904K, 0% used [0x00000000e2800000,0x00000000e2800000,0x00000000e2bd0000)
 ParOldGen       total 161856K, used 105825K [0x00000000a3200000, 0x00000000ad010000, 0x00000000e10b0000)
  object space 161856K, 65% used [0x00000000a3200000,0x00000000a9958748,0x00000000ad010000)
 PSPermGen       total 21248K, used 10329K [0x000000009e000000, 0x000000009f4c0000, 0x00000000a3200000)
  object space 21248K, 48% used [0x000000009e000000,0x000000009ea166c0,0x000000009f4c0000)
}

