# JRE version: 7.0_04-b22
# Java VM: Java HotSpot(TM) 64-Bit Server VM (23.0-b21 mixed mode windows-amd64 compressed oops)
Heap
 PSYoungGen      total 27776K, used 8106K [0x00000000e10b0000, 0x00000000e3ff0000, 0x0000000000000000)
  eden space 23872K, 33% used [0x00000000e10b0000,0x00000000e1892900,0x00000000e2800000)
  from space 3904K, 0% used [0x00000000e2bd0000,0x00000000e2bd8000,0x00000000e2fa0000)
  to   space 3904K, 0% used [0x00000000e2800000,0x00000000e2800000,0x00000000e2bd0000)
 ParOldGen       total 259392K, used 205282K [0x00000000a3200000, 0x00000000b2f50000, 0x00000000e10b0000)
  object space 259392K, 79% used [0x00000000a3200000,0x00000000afa78ab8,0x00000000b2f50000)
 PSPermGen       total 21248K, used 10009K [0x000000009e000000, 0x000000009f4c0000, 0x00000000a3200000)
  object space 21248K, 47% used [0x000000009e000000,0x000000009e9c6770,0x000000009f4c0000)
GC Heap History (4 events):
Event: 1.409 GC heap before
{Heap before GC invocations=1 (full 0):
 PSYoungGen      total 27776K, used 23872K [0x00000000e10b0000, 0x00000000e2fa0000, 0x0000000000000000)
  eden space 23872K, 100% used [0x00000000e10b0000,0x00000000e2800000,0x00000000e2800000)
  from space 3904K, 0% used [0x00000000e2bd0000,0x00000000e2bd0000,0x00000000e2fa0000)
  to   space 3904K, 0% used [0x00000000e2800000,0x00000000e2800000,0x00000000e2bd0000)
 ParOldGen       total 206208K, used 201393K [0x00000000a3200000, 0x00000000afb60000, 0x00000000e10b0000)
  object space 206208K, 97% used [0x00000000a3200000,0x00000000af6ac440,0x00000000afb60000)
 PSPermGen       total 21248K, used 10013K [0x000000009e000000, 0x000000009f4c0000, 0x00000000a3200000)
  object space 21248K, 47% used [0x000000009e000000,0x000000009e9c7540,0x000000009f4c0000)
Event: 1.419 GC heap after
Heap after GC invocations=1 (full 0):
 PSYoungGen      total 27776K, used 3887K [0x00000000e10b0000, 0x00000000e2fa0000, 0x0000000000000000)
  eden space 23872K, 0% used [0x00000000e10b0000,0x00000000e10b0000,0x00000000e2800000)
  from space 3904K, 99% used [0x00000000e2800000,0x00000000e2bcbf90,0x00000000e2bd0000)
  to   space 3904K, 0% used [0x00000000e2bd0000,0x00000000e2bd0000,0x00000000e2fa0000)
 ParOldGen       total 206208K, used 205449K [0x00000000a3200000, 0x00000000afb60000, 0x00000000e10b0000)
  object space 206208K, 99% used [0x00000000a3200000,0x00000000afaa2660,0x00000000afb60000)
 PSPermGen       total 21248K, used 10013K [0x000000009e000000, 0x000000009f4c0000, 0x00000000a3200000)
  object space 21248K, 47% used [0x000000009e000000,0x000000009e9c7540,0x000000009f4c0000)
}
Event: 1.419 GC heap before
{Heap before GC invocations=2 (full 1):
 PSYoungGen      total 27776K, used 3887K [0x00000000e10b0000, 0x00000000e2fa0000, 0x0000000000000000)
  eden space 23872K, 0% used [0x00000000e10b0000,0x00000000e10b0000,0x00000000e2800000)
  from space 3904K, 99% used [0x00000000e2800000,0x00000000e2bcbf90,0x00000000e2bd0000)
  to   space 3904K, 0% used [0x00000000e2bd0000,0x00000000e2bd0000,0x00000000e2fa0000)
 ParOldGen       total 206208K, used 205449K [0x00000000a3200000, 0x00000000afb60000, 0x00000000e10b0000)
  object space 206208K, 99% used [0x00000000a3200000,0x00000000afaa2660,0x00000000afb60000)
 PSPermGen       total 21248K, used 10013K [0x000000009e000000, 0x000000009f4c0000, 0x00000000a3200000)
  object space 21248K, 47% used [0x000000009e000000,0x000000009e9c7540,0x000000009f4c0000)
Event: 1.449 GC heap after
Heap after GC invocations=2 (full 1):
 PSYoungGen      total 27776K, used 0K [0x00000000e10b0000, 0x00000000e2fa0000, 0x0000000000000000)
  eden space 23872K, 0% used [0x00000000e10b0000,0x00000000e10b0000,0x00000000e2800000)
  from space 3904K, 0% used [0x00000000e2800000,0x00000000e2800000,0x00000000e2bd0000)
  to   space 3904K, 0% used [0x00000000e2bd0000,0x00000000e2bd0000,0x00000000e2fa0000)
 ParOldGen       total 259392K, used 205282K [0x00000000a3200000, 0x00000000b2f50000, 0x00000000e10b0000)
  object space 259392K, 79% used [0x00000000a3200000,0x00000000afa78ab8,0x00000000b2f50000)
 PSPermGen       total 21248K, used 10009K [0x000000009e000000, 0x000000009f4c0000, 0x00000000a3200000)
  object space 21248K, 47% used [0x000000009e000000,0x000000009e9c6770,0x000000009f4c0000)
}

