# JRE version: 7.0_04-b22
# Java VM: Java HotSpot(TM) 64-Bit Server VM (23.0-b21 mixed mode windows-amd64 compressed oops)
Heap
 PSYoungGen      total 27776K, used 19843K [0x00000000e10b0000, 0x00000000e46f0000, 0x0000000000000000)
  eden space 23872K, 83% used [0x00000000e10b0000,0x00000000e2410f60,0x00000000e2800000)
  from space 3904K, 0% used [0x00000000e2800000,0x00000000e2800000,0x00000000e2bd0000)
  to   space 3904K, 0% used [0x00000000e4320000,0x00000000e4320000,0x00000000e46f0000)
 ParOldGen       total 258944K, used 205202K [0x00000000a3200000, 0x00000000b2ee0000, 0x00000000e10b0000)
  object space 258944K, 79% used [0x00000000a3200000,0x00000000afa64bf8,0x00000000b2ee0000)
 PSPermGen       total 21248K, used 9918K [0x000000009e000000, 0x000000009f4c0000, 0x00000000a3200000)
  object space 21248K, 46% used [0x000000009e000000,0x000000009e9af9f8,0x000000009f4c0000)
GC Heap History (4 events):
Event: 1.328 GC heap before
{Heap before GC invocations=1 (full 0):
 PSYoungGen      total 27776K, used 23872K [0x00000000e10b0000, 0x00000000e2fa0000, 0x0000000000000000)
  eden space 23872K, 100% used [0x00000000e10b0000,0x00000000e2800000,0x00000000e2800000)
  from space 3904K, 0% used [0x00000000e2bd0000,0x00000000e2bd0000,0x00000000e2fa0000)
  to   space 3904K, 0% used [0x00000000e2800000,0x00000000e2800000,0x00000000e2bd0000)
 ParOldGen       total 206208K, used 201393K [0x00000000a3200000, 0x00000000afb60000, 0x00000000e10b0000)
  object space 206208K, 97% used [0x00000000a3200000,0x00000000af6ac440,0x00000000afb60000)
 PSPermGen       total 21248K, used 9921K [0x000000009e000000, 0x000000009f4c0000, 0x00000000a3200000)
  object space 21248K, 46% used [0x000000009e000000,0x000000009e9b07c8,0x000000009f4c0000)
Event: 1.342 GC heap after
Heap after GC invocations=1 (full 0):
 PSYoungGen      total 27776K, used 3878K [0x00000000e10b0000, 0x00000000e46f0000, 0x0000000000000000)
  eden space 23872K, 0% used [0x00000000e10b0000,0x00000000e10b0000,0x00000000e2800000)
  from space 3904K, 99% used [0x00000000e2800000,0x00000000e2bc98c0,0x00000000e2bd0000)
  to   space 3904K, 0% used [0x00000000e4320000,0x00000000e4320000,0x00000000e46f0000)
 ParOldGen       total 206208K, used 205393K [0x00000000a3200000, 0x00000000afb60000, 0x00000000e10b0000)
  object space 206208K, 99% used [0x00000000a3200000,0x00000000afa94660,0x00000000afb60000)
 PSPermGen       total 21248K, used 9921K [0x000000009e000000, 0x000000009f4c0000, 0x00000000a3200000)
  object space 21248K, 46% used [0x000000009e000000,0x000000009e9b07c8,0x000000009f4c0000)
}
Event: 1.342 GC heap before
{Heap before GC invocations=2 (full 1):
 PSYoungGen      total 27776K, used 3878K [0x00000000e10b0000, 0x00000000e46f0000, 0x0000000000000000)
  eden space 23872K, 0% used [0x00000000e10b0000,0x00000000e10b0000,0x00000000e2800000)
  from space 3904K, 99% used [0x00000000e2800000,0x00000000e2bc98c0,0x00000000e2bd0000)
  to   space 3904K, 0% used [0x00000000e4320000,0x00000000e4320000,0x00000000e46f0000)
 ParOldGen       total 206208K, used 205393K [0x00000000a3200000, 0x00000000afb60000, 0x00000000e10b0000)
  object space 206208K, 99% used [0x00000000a3200000,0x00000000afa94660,0x00000000afb60000)
 PSPermGen       total 21248K, used 9921K [0x000000009e000000, 0x000000009f4c0000, 0x00000000a3200000)
  object space 21248K, 46% used [0x000000009e000000,0x000000009e9b07c8,0x000000009f4c0000)
Event: 1.381 GC heap after
Heap after GC invocations=2 (full 1):
 PSYoungGen      total 27776K, used 0K [0x00000000e10b0000, 0x00000000e46f0000, 0x0000000000000000)
  eden space 23872K, 0% used [0x00000000e10b0000,0x00000000e10b0000,0x00000000e2800000)
  from space 3904K, 0% used [0x00000000e2800000,0x00000000e2800000,0x00000000e2bd0000)
  to   space 3904K, 0% used [0x00000000e4320000,0x00000000e4320000,0x00000000e46f0000)
 ParOldGen       total 258944K, used 205202K [0x00000000a3200000, 0x00000000b2ee0000, 0x00000000e10b0000)
  object space 258944K, 79% used [0x00000000a3200000,0x00000000afa64bf8,0x00000000b2ee0000)
 PSPermGen       total 21248K, used 9918K [0x000000009e000000, 0x000000009f4c0000, 0x00000000a3200000)
  object space 21248K, 46% used [0x000000009e000000,0x000000009e9af9f8,0x000000009f4c0000)
}

