# JRE version: 7.0_04-b22
# Java VM: Java HotSpot(TM) 64-Bit Server VM (23.0-b21 mixed mode windows-amd64 compressed oops)
Heap
 PSYoungGen      total 27776K, used 7676K [0x00000000e10b0000, 0x00000000e37c0000, 0x0000000000000000)
  eden space 23872K, 31% used [0x00000000e10b0000,0x00000000e181f040,0x00000000e2800000)
  from space 3904K, 1% used [0x00000000e2bd0000,0x00000000e2be0000,0x00000000e2fa0000)
  to   space 3904K, 0% used [0x00000000e2800000,0x00000000e2800000,0x00000000e2bd0000)
 ParOldGen       total 153280K, used 102259K [0x00000000a3200000, 0x00000000ac7b0000, 0x00000000e10b0000)
  object space 153280K, 66% used [0x00000000a3200000,0x00000000a95dcd50,0x00000000ac7b0000)
 PSPermGen       total 21248K, used 9854K [0x000000009e000000, 0x000000009f4c0000, 0x00000000a3200000)
  object space 21248K, 46% used [0x000000009e000000,0x000000009e99fbb8,0x000000009f4c0000)
GC Heap History (4 events):
Event: 1.112 GC heap before
{Heap before GC invocations=1 (full 0):
 PSYoungGen      total 27776K, used 23872K [0x00000000e10b0000, 0x00000000e2fa0000, 0x0000000000000000)
  eden space 23872K, 100% used [0x00000000e10b0000,0x00000000e2800000,0x00000000e2800000)
  from space 3904K, 0% used [0x00000000e2bd0000,0x00000000e2bd0000,0x00000000e2fa0000)
  to   space 3904K, 0% used [0x00000000e2800000,0x00000000e2800000,0x00000000e2bd0000)
 ParOldGen       total 105472K, used 100696K [0x00000000a3200000, 0x00000000a9900000, 0x00000000e10b0000)
  object space 105472K, 95% used [0x00000000a3200000,0x00000000a9456220,0x00000000a9900000)
 PSPermGen       total 21248K, used 9789K [0x000000009e000000, 0x000000009f4c0000, 0x00000000a3200000)
  object space 21248K, 46% used [0x000000009e000000,0x000000009e98f768,0x000000009f4c0000)
Event: 1.119 GC heap after
Heap after GC invocations=1 (full 0):
 PSYoungGen      total 27776K, used 1665K [0x00000000e10b0000, 0x00000000e2fa0000, 0x0000000000000000)
  eden space 23872K, 0% used [0x00000000e10b0000,0x00000000e10b0000,0x00000000e2800000)
  from space 3904K, 42% used [0x00000000e2800000,0x00000000e29a0798,0x00000000e2bd0000)
  to   space 3904K, 0% used [0x00000000e2bd0000,0x00000000e2bd0000,0x00000000e2fa0000)
 ParOldGen       total 105472K, used 100704K [0x00000000a3200000, 0x00000000a9900000, 0x00000000e10b0000)
  object space 105472K, 95% used [0x00000000a3200000,0x00000000a9458220,0x00000000a9900000)
 PSPermGen       total 21248K, used 9789K [0x000000009e000000, 0x000000009f4c0000, 0x00000000a3200000)
  object space 21248K, 46% used [0x000000009e000000,0x000000009e98f768,0x000000009f4c0000)
}
Event: 1.119 GC heap before
{Heap before GC invocations=2 (full 1):
 PSYoungGen      total 27776K, used 1665K [0x00000000e10b0000, 0x00000000e2fa0000, 0x0000000000000000)
  eden space 23872K, 0% used [0x00000000e10b0000,0x00000000e10b0000,0x00000000e2800000)
  from space 3904K, 42% used [0x00000000e2800000,0x00000000e29a0798,0x00000000e2bd0000)
  to   space 3904K, 0% used [0x00000000e2bd0000,0x00000000e2bd0000,0x00000000e2fa0000)
 ParOldGen       total 105472K, used 100704K [0x00000000a3200000, 0x00000000a9900000, 0x00000000e10b0000)
  object space 105472K, 95% used [0x00000000a3200000,0x00000000a9458220,0x00000000a9900000)
 PSPermGen       total 21248K, used 9789K [0x000000009e000000, 0x000000009f4c0000, 0x00000000a3200000)
  object space 21248K, 46% used [0x000000009e000000,0x000000009e98f768,0x000000009f4c0000)
Event: 1.147 GC heap after
Heap after GC invocations=2 (full 1):
 PSYoungGen      total 27776K, used 0K [0x00000000e10b0000, 0x00000000e2fa0000, 0x0000000000000000)
  eden space 23872K, 0% used [0x00000000e10b0000,0x00000000e10b0000,0x00000000e2800000)
  from space 3904K, 0% used [0x00000000e2800000,0x00000000e2800000,0x00000000e2bd0000)
  to   space 3904K, 0% used [0x00000000e2bd0000,0x00000000e2bd0000,0x00000000e2fa0000)
 ParOldGen       total 153280K, used 102259K [0x00000000a3200000, 0x00000000ac7b0000, 0x00000000e10b0000)
  object space 153280K, 66% used [0x00000000a3200000,0x00000000a95dcd50,0x00000000ac7b0000)
 PSPermGen       total 21248K, used 9786K [0x000000009e000000, 0x000000009f4c0000, 0x00000000a3200000)
  object space 21248K, 46% used [0x000000009e000000,0x000000009e98e998,0x000000009f4c0000)
}

