# JRE version: 7.0_04-b22
# Java VM: Java HotSpot(TM) 64-Bit Server VM (23.0-b21 mixed mode windows-amd64 compressed oops)
Heap
 PSYoungGen      total 34432K, used 626K [0x00000000e10b0000, 0x00000000e4330000, 0x0000000000000000)
  eden space 34368K, 1% used [0x00000000e10b0000,0x00000000e1144a18,0x00000000e3240000)
  from space 64K, 50% used [0x00000000e4320000,0x00000000e4328000,0x00000000e4330000)
  to   space 3904K, 0% used [0x00000000e3b90000,0x00000000e3b90000,0x00000000e3f60000)
 ParOldGen       total 151680K, used 102456K [0x00000000a3200000, 0x00000000ac620000, 0x00000000e10b0000)
  object space 151680K, 67% used [0x00000000a3200000,0x00000000a960e020,0x00000000ac620000)
 PSPermGen       total 21248K, used 9897K [0x000000009e000000, 0x000000009f4c0000, 0x00000000a3200000)
  object space 21248K, 46% used [0x000000009e000000,0x000000009e9aa670,0x000000009f4c0000)
GC Heap History (4 events):
Event: 1.026 GC heap before
{Heap before GC invocations=1 (full 0):
 PSYoungGen      total 27776K, used 23872K [0x00000000e10b0000, 0x00000000e2fa0000, 0x0000000000000000)
  eden space 23872K, 100% used [0x00000000e10b0000,0x00000000e2800000,0x00000000e2800000)
  from space 3904K, 0% used [0x00000000e2bd0000,0x00000000e2bd0000,0x00000000e2fa0000)
  to   space 3904K, 0% used [0x00000000e2800000,0x00000000e2800000,0x00000000e2bd0000)
 ParOldGen       total 105472K, used 100696K [0x00000000a3200000, 0x00000000a9900000, 0x00000000e10b0000)
  object space 105472K, 95% used [0x00000000a3200000,0x00000000a9456220,0x00000000a9900000)
 PSPermGen       total 21248K, used 9896K [0x000000009e000000, 0x000000009f4c0000, 0x00000000a3200000)
  object space 21248K, 46% used [0x000000009e000000,0x000000009e9aa178,0x000000009f4c0000)
Event: 1.037 GC heap after
Heap after GC invocations=1 (full 0):
 PSYoungGen      total 27776K, used 1867K [0x00000000e10b0000, 0x00000000e46f0000, 0x0000000000000000)
  eden space 23872K, 0% used [0x00000000e10b0000,0x00000000e10b0000,0x00000000e2800000)
  from space 3904K, 47% used [0x00000000e2800000,0x00000000e29d2e80,0x00000000e2bd0000)
  to   space 3904K, 0% used [0x00000000e4320000,0x00000000e4320000,0x00000000e46f0000)
 ParOldGen       total 105472K, used 100704K [0x00000000a3200000, 0x00000000a9900000, 0x00000000e10b0000)
  object space 105472K, 95% used [0x00000000a3200000,0x00000000a9458220,0x00000000a9900000)
 PSPermGen       total 21248K, used 9896K [0x000000009e000000, 0x000000009f4c0000, 0x00000000a3200000)
  object space 21248K, 46% used [0x000000009e000000,0x000000009e9aa178,0x000000009f4c0000)
}
Event: 1.037 GC heap before
{Heap before GC invocations=2 (full 1):
 PSYoungGen      total 27776K, used 1867K [0x00000000e10b0000, 0x00000000e46f0000, 0x0000000000000000)
  eden space 23872K, 0% used [0x00000000e10b0000,0x00000000e10b0000,0x00000000e2800000)
  from space 3904K, 47% used [0x00000000e2800000,0x00000000e29d2e80,0x00000000e2bd0000)
  to   space 3904K, 0% used [0x00000000e4320000,0x00000000e4320000,0x00000000e46f0000)
 ParOldGen       total 105472K, used 100704K [0x00000000a3200000, 0x00000000a9900000, 0x00000000e10b0000)
  object space 105472K, 95% used [0x00000000a3200000,0x00000000a9458220,0x00000000a9900000)
 PSPermGen       total 21248K, used 9896K [0x000000009e000000, 0x000000009f4c0000, 0x00000000a3200000)
  object space 21248K, 46% used [0x000000009e000000,0x000000009e9aa178,0x000000009f4c0000)
Event: 1.068 GC heap after
Heap after GC invocations=2 (full 1):
 PSYoungGen      total 27776K, used 0K [0x00000000e10b0000, 0x00000000e46f0000, 0x0000000000000000)
  eden space 23872K, 0% used [0x00000000e10b0000,0x00000000e10b0000,0x00000000e2800000)
  from space 3904K, 0% used [0x00000000e2800000,0x00000000e2800000,0x00000000e2bd0000)
  to   space 3904K, 0% used [0x00000000e4320000,0x00000000e4320000,0x00000000e46f0000)
 ParOldGen       total 151680K, used 102456K [0x00000000a3200000, 0x00000000ac620000, 0x00000000e10b0000)
  object space 151680K, 67% used [0x00000000a3200000,0x00000000a960e020,0x00000000ac620000)
 PSPermGen       total 21248K, used 9892K [0x000000009e000000, 0x000000009f4c0000, 0x00000000a3200000)
  object space 21248K, 46% used [0x000000009e000000,0x000000009e9a93a8,0x000000009f4c0000)
}

